<?xml version="1.0" encoding="UTF-8" ?>
<testsuite tests="70" failures="0" name="runner.RunnerTest" time="10.227" errors="0" skipped="0">
  <properties>
    <property name="java.runtime.name" value="OpenJDK Runtime Environment"/>
    <property name="sun.boot.library.path" value="C:\Users\gabri\.jdks\azul-1.8.0_252\jre\bin"/>
    <property name="java.vm.version" value="25.252-b14"/>
    <property name="jdk.vendor.version" value="Zulu 8.46.0.19-CA-win64"/>
    <property name="java.vm.vendor" value="Azul Systems, Inc."/>
    <property name="maven.multiModuleProjectDirectory" value="C:\Users\gabri\source\github\system-testing\src"/>
    <property name="java.vendor.url" value="http://www.azulsystems.com/"/>
    <property name="path.separator" value=";"/>
    <property name="guice.disable.misplaced.annotation.check" value="true"/>
    <property name="java.vm.name" value="OpenJDK 64-Bit Server VM"/>
    <property name="file.encoding.pkg" value="sun.io"/>
    <property name="user.script" value=""/>
    <property name="user.country" value="BR"/>
    <property name="sun.java.launcher" value="SUN_STANDARD"/>
    <property name="sun.os.patch.level" value=""/>
    <property name="java.vm.specification.name" value="Java Virtual Machine Specification"/>
    <property name="user.dir" value="C:\Users\gabri\source\github\system-testing\src"/>
    <property name="java.runtime.version" value="1.8.0_252-b14"/>
    <property name="java.awt.graphicsenv" value="sun.awt.Win32GraphicsEnvironment"/>
    <property name="java.endorsed.dirs" value="C:\Users\gabri\.jdks\azul-1.8.0_252\jre\lib\endorsed"/>
    <property name="os.arch" value="amd64"/>
    <property name="java.io.tmpdir" value="C:\Users\gabri\AppData\Local\Temp\"/>
    <property name="line.separator" value="
"/>
    <property name="java.vm.specification.vendor" value="Oracle Corporation"/>
    <property name="user.variant" value=""/>
    <property name="os.name" value="Windows 10"/>
    <property name="maven.ext.class.path" value="C:\Program Files\JetBrains\IntelliJ IDEA Community Edition 2020.1.1\plugins\maven\lib\maven-event-listener.jar"/>
    <property name="classworlds.conf" value="C:\Program Files\JetBrains\IntelliJ IDEA Community Edition 2020.1.1\plugins\maven\lib\maven3\bin\m2.conf"/>
    <property name="sun.jnu.encoding" value="Cp1252"/>
    <property name="java.library.path" value="C:\Users\gabri\.jdks\azul-1.8.0_252\bin;C:\WINDOWS\Sun\Java\bin;C:\WINDOWS\system32;C:\WINDOWS;C:\Program Files (x86)\Common Files\Oracle\Java\javapath;C:\Windows\system32;C:\Windows;C:\Windows\System32\Wbem;C:\Windows\System32\WindowsPowerShell\v1.0\;C:\Windows\System32\OpenSSH\;C:\Program Files (x86)\NVIDIA Corporation\PhysX\Common;C:\Program Files\NVIDIA Corporation\NVIDIA NvDLISR;C:\Program Files\dotnet\;C:\Program Files\Microsoft SQL Server\130\Tools\Binn\;C:\Program Files\Microsoft SQL Server\Client SDK\ODBC\170\Tools\Binn\;C:\Program Files\nodejs\;C:\Program Files (x86)\Microsoft SQL Server\150\DTS\Binn\;C:\WINDOWS\system32;C:\WINDOWS;C:\WINDOWS\System32\Wbem;C:\WINDOWS\System32\WindowsPowerShell\v1.0\;C:\WINDOWS\System32\OpenSSH\;C:\Program Files (x86)\Microsoft SQL Server\150\Tools\Binn\;C:\Program Files\Microsoft SQL Server\150\Tools\Binn\;C:\Program Files\Microsoft SQL Server\150\DTS\Binn\;C:\Program Files\Git\cmd;C:\Program Files\Zulu\zulu-11\bin\;C:\Program Files\apache-maven-3.6.3\bin;;C:\Program Files\Docker\Docker\resources\bin;C:\ProgramData\DockerDesktop\version-bin;C:\Users\gabri\AppData\Local\Microsoft\WindowsApps;C:\Users\gabri\AppData\Local\Programs\Microsoft VS Code\bin;C:\Users\gabri\AppData\Roaming\npm;C:\Users\gabri\.dotnet\tools;C:\Users\gabri\AppData\Local\Microsoft\WindowsApps;C:\Program Files\apache-maven-3.6.3\bin;;."/>
    <property name="maven.conf" value="C:\Program Files\JetBrains\IntelliJ IDEA Community Edition 2020.1.1\plugins\maven\lib\maven3/conf"/>
    <property name="java.specification.name" value="Java Platform API Specification"/>
    <property name="java.class.version" value="52.0"/>
    <property name="sun.management.compiler" value="HotSpot 64-Bit Tiered Compilers"/>
    <property name="os.version" value="10.0"/>
    <property name="user.home" value="C:\Users\gabri"/>
    <property name="user.timezone" value="America/Sao_Paulo"/>
    <property name="java.awt.printerjob" value="sun.awt.windows.WPrinterJob"/>
    <property name="java.specification.version" value="1.8"/>
    <property name="file.encoding" value="UTF-8"/>
    <property name="user.name" value="gabri"/>
    <property name="java.class.path" value="C:\Program Files\JetBrains\IntelliJ IDEA Community Edition 2020.1.1\plugins\maven\lib\maven3\boot\plexus-classworlds-2.6.0.jar;C:\Program Files\JetBrains\IntelliJ IDEA Community Edition 2020.1.1\plugins\maven\lib\maven3\boot\plexus-classworlds.license;C:\Program Files\JetBrains\IntelliJ IDEA Community Edition 2020.1.1\lib\idea_rt.jar"/>
    <property name="java.vm.specification.version" value="1.8"/>
    <property name="sun.arch.data.model" value="64"/>
    <property name="java.home" value="C:\Users\gabri\.jdks\azul-1.8.0_252\jre"/>
    <property name="sun.java.command" value="org.codehaus.classworlds.Launcher -Didea.version2020.1.1 verify"/>
    <property name="java.specification.vendor" value="Oracle Corporation"/>
    <property name="user.language" value="pt"/>
    <property name="awt.toolkit" value="sun.awt.windows.WToolkit"/>
    <property name="idea.version2020.1.1" value="true"/>
    <property name="java.vm.info" value="mixed mode"/>
    <property name="java.version" value="1.8.0_252"/>
    <property name="java.ext.dirs" value="C:\Users\gabri\.jdks\azul-1.8.0_252\jre\lib\ext;C:\WINDOWS\Sun\Java\lib\ext"/>
    <property name="sun.boot.class.path" value="C:\Users\gabri\.jdks\azul-1.8.0_252\jre\lib\resources.jar;C:\Users\gabri\.jdks\azul-1.8.0_252\jre\lib\rt.jar;C:\Users\gabri\.jdks\azul-1.8.0_252\jre\lib\sunrsasign.jar;C:\Users\gabri\.jdks\azul-1.8.0_252\jre\lib\jsse.jar;C:\Users\gabri\.jdks\azul-1.8.0_252\jre\lib\jce.jar;C:\Users\gabri\.jdks\azul-1.8.0_252\jre\lib\charsets.jar;C:\Users\gabri\.jdks\azul-1.8.0_252\jre\lib\jfr.jar;C:\Users\gabri\.jdks\azul-1.8.0_252\jre\classes"/>
    <property name="java.vendor" value="Azul Systems, Inc."/>
    <property name="maven.home" value="C:\Program Files\JetBrains\IntelliJ IDEA Community Edition 2020.1.1\plugins\maven\lib\maven3"/>
    <property name="file.separator" value="\"/>
    <property name="java.vendor.url.bug" value="http://www.azulsystems.com/support/"/>
    <property name="sun.cpu.endian" value="little"/>
    <property name="sun.io.unicode.encoding" value="UnicodeLittle"/>
    <property name="sun.desktop" value="windows"/>
    <property name="sun.cpu.isalist" value="amd64"/>
  </properties>
  <testcase classname="| vara_789 |  | natureza_789 | parte_789 | Numero processo não pode ser deixado em branco |" name="Given user should be in home page" time="0.004"/>
  <testcase classname="| vara_789 |  | natureza_789 | parte_789 | Numero processo não pode ser deixado em branco |" name="And user click in button &quot;btn-novo&quot;" time="0"/>
  <testcase classname="| vara_789 |  | natureza_789 | parte_789 | Numero processo não pode ser deixado em branco |" name="And fill select field with value &quot;S&quot;" time="0"/>
  <testcase classname="| vara_789 |  | natureza_789 | parte_789 | Numero processo não pode ser deixado em branco |" name="And fill option field with value &quot;S&quot;" time="0"/>
  <testcase classname="| vara_789 |  | natureza_789 | parte_789 | Numero processo não pode ser deixado em branco |" name="And fill field &quot;processo_data_entrada&quot; with value &quot;04/07/2020&quot;" time="0"/>
  <testcase classname="| vara_789 |  | natureza_789 | parte_789 | Numero processo não pode ser deixado em branco |" name="And fill field &quot;processo_status&quot; with value &quot;status_999&quot;" time="0"/>
  <testcase classname="| vara_789 |  | natureza_789 | parte_789 | Numero processo não pode ser deixado em branco |" name="And fill field &quot;processo_vara&quot; with value &quot;vara_789&quot;" time="0"/>
  <testcase classname="| vara_789 |  | natureza_789 | parte_789 | Numero processo não pode ser deixado em branco |" name="And fill field &quot;processo_numero_processo&quot; with value &quot;&quot;" time="0"/>
  <testcase classname="| vara_789 |  | natureza_789 | parte_789 | Numero processo não pode ser deixado em branco |" name="And fill field &quot;processo_natureza&quot; with value &quot;natureza_789&quot;" time="0"/>
  <testcase classname="| vara_789 |  | natureza_789 | parte_789 | Numero processo não pode ser deixado em branco |" name="And fill field &quot;processo_partes&quot; with value &quot;parte_789&quot;" time="0"/>
  <testcase classname="| vara_789 |  | natureza_789 | parte_789 | Numero processo não pode ser deixado em branco |" name="When user click in button &quot;btn-save&quot;" time="0"/>
  <testcase classname="| vara_789 |  | natureza_789 | parte_789 | Numero processo não pode ser deixado em branco |" name="Then user should see the alert  &quot;Numero processo não pode ser deixado em branco&quot;" time="0.001"/>
  <testcase classname="| vara_789 |  | natureza_789 | parte_789 | Numero processo não pode ser deixado em branco |" name="| vara_789 |  | natureza_789 | parte_789 | Numero processo não pode ser deixado em branco |" time="1.601"/>
  <testcase classname="|  | numero_79 | natureza_789 | parte_789 | Vara não pode ser deixado em branco |" name="Given user should be in home page" time="0"/>
  <testcase classname="|  | numero_79 | natureza_789 | parte_789 | Vara não pode ser deixado em branco |" name="And user click in button &quot;btn-novo&quot;" time="0"/>
  <testcase classname="|  | numero_79 | natureza_789 | parte_789 | Vara não pode ser deixado em branco |" name="And fill select field with value &quot;S&quot;" time="0"/>
  <testcase classname="|  | numero_79 | natureza_789 | parte_789 | Vara não pode ser deixado em branco |" name="And fill option field with value &quot;S&quot;" time="0"/>
  <testcase classname="|  | numero_79 | natureza_789 | parte_789 | Vara não pode ser deixado em branco |" name="And fill field &quot;processo_data_entrada&quot; with value &quot;04/07/2020&quot;" time="0"/>
  <testcase classname="|  | numero_79 | natureza_789 | parte_789 | Vara não pode ser deixado em branco |" name="And fill field &quot;processo_status&quot; with value &quot;status_999&quot;" time="0"/>
  <testcase classname="|  | numero_79 | natureza_789 | parte_789 | Vara não pode ser deixado em branco |" name="And fill field &quot;processo_vara&quot; with value &quot;&quot;" time="0"/>
  <testcase classname="|  | numero_79 | natureza_789 | parte_789 | Vara não pode ser deixado em branco |" name="And fill field &quot;processo_numero_processo&quot; with value &quot;numero_79&quot;" time="0"/>
  <testcase classname="|  | numero_79 | natureza_789 | parte_789 | Vara não pode ser deixado em branco |" name="And fill field &quot;processo_natureza&quot; with value &quot;natureza_789&quot;" time="0.001"/>
  <testcase classname="|  | numero_79 | natureza_789 | parte_789 | Vara não pode ser deixado em branco |" name="And fill field &quot;processo_partes&quot; with value &quot;parte_789&quot;" time="0"/>
  <testcase classname="|  | numero_79 | natureza_789 | parte_789 | Vara não pode ser deixado em branco |" name="When user click in button &quot;btn-save&quot;" time="0"/>
  <testcase classname="|  | numero_79 | natureza_789 | parte_789 | Vara não pode ser deixado em branco |" name="Then user should see the alert  &quot;Vara não pode ser deixado em branco&quot;" time="0"/>
  <testcase classname="|  | numero_79 | natureza_789 | parte_789 | Vara não pode ser deixado em branco |" name="|  | numero_79 | natureza_789 | parte_789 | Vara não pode ser deixado em branco |" time="1.437"/>
  <testcase classname="| vara_789 | numero_79 |  | parte_789 | Natureza não pode ser deixado em branco |" name="Given user should be in home page" time="0"/>
  <testcase classname="| vara_789 | numero_79 |  | parte_789 | Natureza não pode ser deixado em branco |" name="And user click in button &quot;btn-novo&quot;" time="0"/>
  <testcase classname="| vara_789 | numero_79 |  | parte_789 | Natureza não pode ser deixado em branco |" name="And fill select field with value &quot;S&quot;" time="0"/>
  <testcase classname="| vara_789 | numero_79 |  | parte_789 | Natureza não pode ser deixado em branco |" name="And fill option field with value &quot;S&quot;" time="0"/>
  <testcase classname="| vara_789 | numero_79 |  | parte_789 | Natureza não pode ser deixado em branco |" name="And fill field &quot;processo_data_entrada&quot; with value &quot;04/07/2020&quot;" time="0"/>
  <testcase classname="| vara_789 | numero_79 |  | parte_789 | Natureza não pode ser deixado em branco |" name="And fill field &quot;processo_status&quot; with value &quot;status_999&quot;" time="0"/>
  <testcase classname="| vara_789 | numero_79 |  | parte_789 | Natureza não pode ser deixado em branco |" name="And fill field &quot;processo_vara&quot; with value &quot;vara_789&quot;" time="0"/>
  <testcase classname="| vara_789 | numero_79 |  | parte_789 | Natureza não pode ser deixado em branco |" name="And fill field &quot;processo_numero_processo&quot; with value &quot;numero_79&quot;" time="0"/>
  <testcase classname="| vara_789 | numero_79 |  | parte_789 | Natureza não pode ser deixado em branco |" name="And fill field &quot;processo_natureza&quot; with value &quot;&quot;" time="0"/>
  <testcase classname="| vara_789 | numero_79 |  | parte_789 | Natureza não pode ser deixado em branco |" name="And fill field &quot;processo_partes&quot; with value &quot;parte_789&quot;" time="0"/>
  <testcase classname="| vara_789 | numero_79 |  | parte_789 | Natureza não pode ser deixado em branco |" name="When user click in button &quot;btn-save&quot;" time="0"/>
  <testcase classname="| vara_789 | numero_79 |  | parte_789 | Natureza não pode ser deixado em branco |" name="Then user should see the alert  &quot;Natureza não pode ser deixado em branco&quot;" time="0"/>
  <testcase classname="| vara_789 | numero_79 |  | parte_789 | Natureza não pode ser deixado em branco |" name="| vara_789 | numero_79 |  | parte_789 | Natureza não pode ser deixado em branco |" time="1.449"/>
  <testcase classname="Scenario: user want to register a new process" name="Given user should be in home page" time="0"/>
  <testcase classname="Scenario: user want to register a new process" name="And user click in button &quot;btn-novo&quot;" time="0"/>
  <testcase classname="Scenario: user want to register a new process" name="And fill select field with value &quot;S&quot;" time="0"/>
  <testcase classname="Scenario: user want to register a new process" name="And fill option field with value &quot;S&quot;" time="0"/>
  <testcase classname="Scenario: user want to register a new process" name="And fill field &quot;processo_data_entrada&quot; with value &quot;04/07/2020&quot;" time="0"/>
  <testcase classname="Scenario: user want to register a new process" name="And fill field &quot;processo_status&quot; with value &quot;status_999&quot;" time="0"/>
  <testcase classname="Scenario: user want to register a new process" name="And fill field &quot;processo_vara&quot; with value &quot;vara_789&quot;" time="0"/>
  <testcase classname="Scenario: user want to register a new process" name="And fill field &quot;processo_numero_processo&quot; with value &quot;processo_789&quot;" time="0"/>
  <testcase classname="Scenario: user want to register a new process" name="And fill field &quot;processo_natureza&quot; with value &quot;natureza_789&quot;" time="0"/>
  <testcase classname="Scenario: user want to register a new process" name="And fill field &quot;processo_partes&quot; with value &quot;parte_789&quot;" time="0"/>
  <testcase classname="Scenario: user want to register a new process" name="When user click in button &quot;btn-save&quot;" time="0"/>
  <testcase classname="Scenario: user want to register a new process" name="Then user should see the message &quot;Processo foi criado com sucesso.&quot;" time="0"/>
  <testcase classname="Scenario: user want to register a new process" name="Scenario: user want to register a new process" time="1.342"/>
  <testcase classname="Scenario: user must delete a process" name="Given user should be in home page" time="0"/>
  <testcase classname="Scenario: user must delete a process" name="When user click in first delete button" time="0"/>
  <testcase classname="Scenario: user must delete a process" name="And user answer yes in the confirm box" time="0"/>
  <testcase classname="Scenario: user must delete a process" name="Then home page should reload" time="0"/>
  <testcase classname="Scenario: user must delete a process" name="Scenario: user must delete a process" time="1.423"/>
  <testcase classname="Scenario: user want to see a specific process" name="Given user should be in home page" time="0"/>
  <testcase classname="Scenario: user want to see a specific process" name="And user are in the home page" time="0"/>
  <testcase classname="Scenario: user want to see a specific process" name="When user click in button &quot;btn-show_1795&quot;" time="0"/>
  <testcase classname="Scenario: user want to see a specific process" name="Given user click in edit button" time="0"/>
  <testcase classname="Scenario: user want to see a specific process" name="When fill field &quot;processo_observacao&quot; with value &quot;value updated by automated teste&quot;" time="0"/>
  <testcase classname="Scenario: user want to see a specific process" name="And user click in button &quot;btn-save&quot;" time="0"/>
  <testcase classname="Scenario: user want to see a specific process" name="Then user should see the message &quot;Processo atualizado com sucesso.&quot;" time="0"/>
  <testcase classname="Scenario: user want to see a specific process" name="Scenario: user want to see a specific process" time="1.432"/>
  <testcase classname="Scenario: user want to see a specific process" name="Given user should be in home page" time="0"/>
  <testcase classname="Scenario: user want to see a specific process" name="Given user are in the home page" time="0"/>
  <testcase classname="Scenario: user want to see a specific process" name="When user click in button &quot;btn-show_1795&quot;" time="0"/>
  <testcase classname="Scenario: user want to see a specific process" name="Then user should see the &quot;span#codigo&quot; equal &quot;1795&quot;" time="0"/>
  <testcase classname="Scenario: user want to see a specific process" name="Scenario: user want to see a specific process" time="1.537"/>
</testsuite>